生成启动时间为 2014/11/26 10:24:32。
     1>项目“d:\my documents\visual studio 2010\Projects\StaticArray\StaticArray\StaticArray.vcxproj”在节点 2 上(build 个目标)。
     1>InitializeBuildStatus:
         正在对“Debug\StaticArray.unsuccessfulbuild”执行 Touch 任务。
       ClCompile:
         C:\Program Files (x86)\Microsoft Visual Studio 10.0\VC\bin\CL.exe /c /ZI /nologo /W3 /WX- /Od /Oy- /D WIN32 /D _DEBUG /D _CONSOLE /D _UNICODE /D UNICODE /Gm /EHsc /RTC1 /MDd /GS /fp:precise /Zc:wchar_t /Zc:forScope /Yc"StdAfx.h" /Fp"Debug\StaticArray.pch" /Fo"Debug\\" /Fd"Debug\vc100.pdb" /Gd /TP /analyze- /errorReport:prompt stdafx.cpp
         stdafx.cpp
         C:\Program Files (x86)\Microsoft Visual Studio 10.0\VC\bin\CL.exe /c /ZI /nologo /W3 /WX- /Od /Oy- /D WIN32 /D _DEBUG /D _CONSOLE /D _UNICODE /D UNICODE /Gm /EHsc /RTC1 /MDd /GS /fp:precise /Zc:wchar_t /Zc:forScope /Yu"StdAfx.h" /Fp"Debug\StaticArray.pch" /Fo"Debug\\" /Fd"Debug\vc100.pdb" /Gd /TP /analyze- /errorReport:prompt StaticArray.cpp
         StaticArray.cpp
       ManifestResourceCompile:
         C:\Program Files (x86)\Microsoft SDKs\Windows\v7.0A\bin\rc.exe /nologo /fo"Debug\StaticArray.exe.embed.manifest.res" Debug\StaticArray_manifest.rc 
       Link:
         C:\Program Files (x86)\Microsoft Visual Studio 10.0\VC\bin\link.exe /ERRORREPORT:PROMPT /OUT:"d:\my documents\visual studio 2010\Projects\StaticArray\Debug\StaticArray.exe" /INCREMENTAL /NOLOGO kernel32.lib user32.lib gdi32.lib winspool.lib comdlg32.lib advapi32.lib shell32.lib ole32.lib oleaut32.lib uuid.lib odbc32.lib odbccp32.lib /MANIFEST /ManifestFile:"Debug\StaticArray.exe.intermediate.manifest" /MANIFESTUAC:"level='asInvoker' uiAccess='false'" /DEBUG /PDB:"d:\my documents\visual studio 2010\Projects\StaticArray\Debug\StaticArray.pdb" /SUBSYSTEM:CONSOLE /TLBID:1 /DYNAMICBASE /NXCOMPAT /IMPLIB:"d:\my documents\visual studio 2010\Projects\StaticArray\Debug\StaticArray.lib" /MACHINE:X86 Debug\StaticArray.exe.embed.manifest.res
         Debug\StaticArray.obj
         Debug\stdafx.obj
       Manifest:
         C:\Program Files (x86)\Microsoft SDKs\Windows\v7.0A\bin\mt.exe /nologo /verbose /out:"Debug\StaticArray.exe.embed.manifest" /manifest Debug\StaticArray.exe.intermediate.manifest
         C:\Program Files (x86)\Microsoft SDKs\Windows\v7.0A\bin\rc.exe /nologo /fo"Debug\StaticArray.exe.embed.manifest.res" Debug\StaticArray_manifest.rc 
       LinkEmbedManifest:
         C:\Program Files (x86)\Microsoft Visual Studio 10.0\VC\bin\link.exe /ERRORREPORT:PROMPT /OUT:"d:\my documents\visual studio 2010\Projects\StaticArray\Debug\StaticArray.exe" /INCREMENTAL /NOLOGO kernel32.lib user32.lib gdi32.lib winspool.lib comdlg32.lib advapi32.lib shell32.lib ole32.lib oleaut32.lib uuid.lib odbc32.lib odbccp32.lib /MANIFEST /ManifestFile:"Debug\StaticArray.exe.intermediate.manifest" /MANIFESTUAC:"level='asInvoker' uiAccess='false'" /DEBUG /PDB:"d:\my documents\visual studio 2010\Projects\StaticArray\Debug\StaticArray.pdb" /SUBSYSTEM:CONSOLE /TLBID:1 /DYNAMICBASE /NXCOMPAT /IMPLIB:"d:\my documents\visual studio 2010\Projects\StaticArray\Debug\StaticArray.lib" /MACHINE:X86 Debug\StaticArray.exe.embed.manifest.res
         Debug\StaticArray.obj
         Debug\stdafx.obj
         StaticArray.vcxproj -> d:\my documents\visual studio 2010\Projects\StaticArray\Debug\StaticArray.exe
       FinalizeBuildStatus:
         正在删除文件“Debug\StaticArray.unsuccessfulbuild”。
         正在对“Debug\StaticArray.lastbuildstate”执行 Touch 任务。
     1>已完成生成项目“d:\my documents\visual studio 2010\Projects\StaticArray\StaticArray\StaticArray.vcxproj”(build 个目标)的操作。

生成成功。

已用时间 00:00:02.09
